/wiki/Wikipedia
/wiki/Wikipedia:Protection_policy#semi
/wiki/Wikipedia:Requests_for_page_protection
/wiki/Wikipedia:Requests_for_permissions
/wiki/Wikipedia:Requesting_copyright_permission
/wiki/Wikipedia:User_access_levels
/wiki/Wikipedia:Requests_for_adminship
/wiki/Wikipedia:Requested_articles
/wiki/Wikipedia:Recent_additions
/wiki/Wikipedia:Shortcut
/wiki/Wikipedia:Keyboard_shortcuts
/wiki/Wikipedia:WikiProject_Kansas
/wiki/File:People_icon.svg
/wiki/Special:WhatLinksHere/File:People_icon.svg
/wiki/Help:What_links_here
/wiki/Wikipedia:Project_namespace#How-to_and_information_pages
/wiki/Wikipedia:Policies_and_guidelines
/wiki/Category:Wikipedia_procedural_policies
/wiki/Wikipedia:List_of_policies#Procedural
/wiki/Template:Nutshell
/wiki/Wikipedia:Protection_policy#template
/wiki/Wikipedia:Lists_of_protected_pages
/wiki/Wikipedia:Protection_policy
/wiki/Wikipedia:Perennial_proposals
/wiki/Wikipedia:Consensus#Levels_of_consensus
/wiki/Wikipedia:Conflict_of_interest
/wiki/Wikipedia:Protection_policy#move
/wiki/Wikipedia:WPPP
/wiki/Wikipedia:WikiProject
/wiki/Wikipedia:Wikimedia_sister_projects
/wiki/Help:Interwikimedia_links
/wiki/Help:Interlanguage_links
/wiki/List_of_ISO_639-1_codes
/wiki/File:Question_book-new.svg
/wiki/Wikipedia:Protection_policy#full
/wiki/Wikipedia:Child_protection
/wiki/Wikipedia:Biographies_of_living_people
/wiki/Wikipedia:Biographies_of_living_persons/Noticeboard
/wiki/Wikipedia:Biographies_of_living_persons
/wiki/Wikipedia:What_%22Ignore_all_rules%22_means#Use_common_sense
/wiki/File:Essay.svg
/wiki/File:Essay.png
/wiki/File:To_Commons.svg
/wiki/Special:WhatLinksHere/File:To_Commons.svg
/wiki/User_talk:Robert_Merkel
/wiki/User_talk:Robert_Merkel/ancient
/wiki/User:RjLesch
/wiki/Des_Moines,_Iowa
/wiki/Des_Moines_(disambiguation)
/wiki/Des_Moines_metropolitan_area
/wiki/Geographic_coordinate_system
/wiki/File:FedStats_Lat_long.png
/wiki/Special:MyTalk
/wiki/Case_sensitivity
/wiki/Case_(typography)
/wiki/Grammatical_case
/wiki/Grammatical_category
/wiki/Adjunct_(grammar)
/wiki/Linguistics
/wiki/Linguistics_(journal)
/wiki/File:Linguistics_cover.gif
/wiki/Wikipedia:Non-free_use_rationale_guideline
/wiki/Wikipedia:Protection_policy#extended
/wiki/Wikipedia:WikiProject_Protected_areas
/wiki/Wikipedia:WikiProject_Council/Guide
/wiki/Wikipedia:WikiProject_Council
/wiki/Wikipedia:Wikipedia_Signpost/2013-04-01/WikiProject_report
/wiki/Wikipedia:Wikipedia_Signpost
/wiki/Wikipedia:Wikipedia_Signpost/2017-10-23/News_and_notes
/wiki/Wikipedia:Wikipedia_Signpost/2017-10-23
/wiki/Wikipedia:Wikipedia_Signpost/2017-10-23/Featured_content
/wiki/Wikipedia:Wikipedia_Signpost/Archives/2017-10-23
/wiki/Wikipedia:Wikipedia_Signpost/Archives
/wiki/Wikipedia:Wikipedia_Signpost/Newsroom
/wiki/Wikipedia:Wikipedia_Signpost/Newsroom/WikiProject_desk
/wiki/Wikipedia:Wikipedia_Signpost/Newsroom/Style
/wiki/Wikipedia:Wikipedia_Signpost/Newsroom/Content_guidance#How_to_contribute
/wiki/Wikipedia:Wikipedia_Signpost/Newsroom/Style/Cheatsheet
/wiki/User:Evad37
/wiki/Wikipedia:Autopatrolled
/wiki/File:Wikipedia_Autopatrolled.svg
/wiki/Wikipedia:GL/I
/wiki/Wikipedia:Graphics_Lab
/wiki/Wikipedia:Graphics_Lab/Illustration_workshop
/wiki/Wikipedia:Graphics_Lab/Photography_workshop
/wiki/Wikipedia:Graphics_Lab/Map_workshop
/wiki/Wikipedia:GL/ILL
/wiki/Wikipedia:GL/PHOTO
/wiki/Wikipedia:GL/MAP
/wiki/Wikipedia_talk:Graphics_Lab
/wiki/Wikipedia_talk:Graphics_Lab/Illustration_workshop
/wiki/Wikipedia_talk:Graphics_Lab/Photography_workshop
/wiki/Wikipedia_talk:Graphics_Lab/Map_workshop
/wiki/Wikipedia:GL/M
/wiki/Wikipedia:WikiProject_Maps/Conventions
/wiki/Wikipedia:WikiProject_Maps
/wiki/Wikipedia:WikiProject_Council/Directory
/wiki/Wikipedia:Community_portal
/wiki/Wikipedia:Dashboard
/wiki/Wikipedia:Department_directory
/wiki/Wikipedia:Maintenance
/wiki/Wikipedia:Task_Center
/wiki/Wikipedia:Community_portal/Opentask
/wiki/Wikipedia:Backlog
/wiki/Wikipedia:Database_reports
/wiki/Special:SpecialPages
/wiki/Help:Special_page
/wiki/Wikipedia:What_Wikipedia_is_not#Wikipedia_is_not_a_crystal_ball
/wiki/Wikipedia:Notability
/wiki/Wikipedia:Neutral_point_of_view
/wiki/Wikipedia:Describing_points_of_view
/wiki/Wikipedia:NOTOPINION
/wiki/Wikipedia:Glossary
/wiki/Wikipedia:Wikipedia_abbreviations
/wiki/Wikipedia:Manual_of_Style/Abbreviations
/wiki/Wikipedia:Manual_of_Style
/wiki/Wikipedia:Policies_and_guidelines#guide
/wiki/Wikipedia:List_of_policies_and_guidelines
/wiki/Wikipedia:IRC
/wiki/Wikipedia:FORUM
/wiki/Wikipedia:WikiProject_Democracy
/wiki/Wikipedia:WikiProject_Democracy/Development
/wiki/Wikipedia:Principles
/wiki/English_Wikipedia
/wiki/File:Wikipedia-logo-v2-en.svg
/wiki/Special:WhatLinksHere/File:Wikipedia-logo-v2-en.svg
/wiki/Wikipedia:Slogans
/wiki/File:Wikipedia-logo-v2-af.svg
/wiki/Afrikaans_Wikipedia
/wiki/User:AGrobler
/wiki/Wikipedia:Babel
/wiki/Wikipedia:Babel/List
/wiki/Help:Magic_words#Other
/wiki/Wikipedia:Translation
/wiki/Wikipedia:Translators_available
/wiki/Wikipedia:Pages_needing_translation_into_English
/wiki/Wikipedia:Featured_articles_in_other_languages
/wiki/Template:Translation_department
/wiki/Template_talk:Translation_department
/wiki/Allusion
/wiki/Tower_of_Babel
/wiki/Template:Babel
/wiki/Vertical_bar
/wiki/Interagency_Language_Roundtable_scale
/wiki/Wikipedia:Categories_for_discussion/User/Archive/March_2007#0-level_categories.2C_part_2_.26_3
/wiki/Wikipedia:Babel/Levels
/wiki/Swedish_language
/wiki/Category:User_sv
/wiki/Category:User_sv-N
/wiki/English_language
/wiki/Wikipedia:Good_articles
/wiki/Wikipedia_talk:Good_article_nominations
/wiki/Wikipedia:Good_article_nominations
/wiki/Wikipedia:Good_article_reassessment
/wiki/Wikipedia:WikiProject_Good_articles/GA_Cup
/wiki/Wikipedia:WikiProject_Good_articles
/wiki/Wikipedia:Good_article_nominations#Politics_and_government
/wiki/Wikipedia:Good_article_nominations/Instructions
/wiki/Wikipedia:Good_article_criteria
/wiki/Wikipedia:Good_article_nominations/Report
/wiki/Wikipedia:Good_article_help
/wiki/Wikipedia_talk:GAN
/wiki/Quid_pro_quo
/wiki/Quid_pro_quo_(disambiguation)
/wiki/Quid_Pro_Quo_(film)
/wiki/File:Quid_pro_quo_post.jpg
/wiki/Quid_Pro_Quo
/wiki/Latin
/wiki/Latin_(disambiguation)
/wiki/Latins_(Italic_tribe)
/wiki/Latini_(surname)
/wiki/Antonio_Latini
/wiki/File:Portrait_of_Antonio_Latini._Wellcome_L0014343.jpg
/wiki/Special:MyContributions
/wiki/Help:User_contributions
/wiki/File:Twemoji_1f527.svg
/wiki/Special:WhatLinksHere/File:Twemoji_1f527.svg
/wiki/Help:Editing
/wiki/Wikipedia:Editing_policy
/wiki/Wikipedia:List_of_guidelines#Editing
/wiki/Wikipedia:List_of_policies
/wiki/Wikipedia_talk:List_of_policies
/wiki/File:Peacedove.svg
/wiki/Special:WhatLinksHere/File:Peacedove.svg
/wiki/Talk:Kashmir
/wiki/Wikipedia:Talk_page_guidelines
/wiki/Help:Using_talk_pages
/wiki/Wikipedia:User_pages
/wiki/Wikipedia:FUW
/wiki/Wikipedia:Copyrights
/wiki/Category:Wikipedia_legal_policies
/wiki/Help:Category
/wiki/Wikipedia:Categorization
/wiki/Wikipedia:WikiProject_Cats
/wiki/Wikipedia:CATP
/wiki/Wikipedia_talk:Categorization
/wiki/Wikipedia_talk:WikiProject_Categories
/wiki/Wikipedia_talk:CAT
/wiki/File:Commons-emblem-hand-orange.svg
/wiki/File:Commons-emblem-hand.svg
/wiki/File:Stop_hand_nuvola.svg
/wiki/Wikipedia:Criteria_for_speedy_deletion#F8
/wiki/Help:Edit_summary
/wiki/Help:Minor_edit
/wiki/Wikipedia:WikiProject_Maine
/wiki/Wikipedia:WikiProject_United_States
/wiki/Wikipedia:User_scripts
/wiki/Wikipedia:WikiProject_JavaScript
/wiki/JavaScript
/wiki/File:En-JavaScript.ogg
/wiki/User:Mangst
/wiki/File:Male.svg
/wiki/Special:WhatLinksHere/File:Male.svg
/wiki/User:Kirk!
/wiki/Wikipedia:Userboxes
/wiki/Wikipedia:WikiProject_Userboxes
/wiki/Wikipedia:Userboxes/Gallery
/wiki/Wikipedia:Userboxes/List_of_pages
/wiki/Wikipedia:Userboxes/Alphabet
/wiki/Wikipedia:Userboxes/Interests
/wiki/Help:Template
/wiki/Wikipedia:Project_namespace#Wikipedia_how-to_and_information_pages
/wiki/Wikipedia:WikipediaSpace
/wiki/File:WikipediaSpace-WS1-Introduction-v1.pdf
/wiki/Main_Page
/wiki/Free_content
/wiki/File:Definition_of_Free_Cultural_Works_logo_notext.svg
/wiki/Special:WhatLinksHere/File:Definition_of_Free_Cultural_Works_logo_notext.svg
/wiki/Benin
/wiki/Benin_(disambiguation)
/wiki/Benin_Empire
/wiki/Wikipedia:Citing_sources
/wiki/Help:Footnotes
/wiki/Help:Citation_Style_1
/wiki/File:Gnome-applications-science.svg
/wiki/Special:WhatLinksHere/File:Gnome-applications-science.svg
/wiki/Chemistry
/wiki/Chemistry_(disambiguation)
/wiki/MOS:CHEM
/wiki/Wikipedia:Ignore_all_rules
/wiki/Wikipedia:Protection_policy#pc1
/wiki/Wikipedia:Consensus
/wiki/Help:Edit_conflict
/wiki/Wikipedia:Edit_warring
/wiki/Wikipedia:Wheel_warring
/wiki/Wikipedia_administrators
/wiki/Wikipedia:Administrators
/wiki/Wikipedia:Administration
/wiki/Wikipedia:About
/wiki/Outline_of_Wikipedia
/wiki/Portal:Contents/Outlines
/wiki/Portal:Contents
/wiki/Portal:Contents/Overviews
/wiki/Portal:Contents/Lists
/wiki/Portal:Contents/Portals
/wiki/Portal:Contents/Glossaries
/wiki/Portal:Contents/Categories
/wiki/Portal:Contents/Indices
/wiki/Portal:Contents/Reference
/wiki/Portal:Contents/Culture_and_the_arts
/wiki/Portal:Contents/Geography_and_places
/wiki/Special:Nearby
/wiki/Portal:Featured_content
/wiki/File:Cscr-featured.svg
/wiki/Category:Wikipedia_files_on_Wikimedia_Commons
/wiki/Category:Wikipedia_files_with_unknown_source
/wiki/Category:Wikipedia_backlog
/wiki/Category:Wikipedia_administration
/wiki/Wikipedia:Categorization#Non-article_and_maintenance_categories
/wiki/Wikipedia:HotCat
/wiki/Wikipedia:Blocking_policy
/wiki/Wikipedia:Enforcement
/wiki/Wikipedia:Five_pillars
/wiki/File:Encyclopedia_icon.svg
/wiki/User:At%C3%B3n/5p
/wiki/User:At%C3%B3n
/wiki/User_talk:At%C3%B3n
/wiki/User:Maragm
/wiki/User:Maragm/My_library
/wiki/International_Standard_Book_Number
/wiki/Help:ISBN
/wiki/Wikipedia:ISBN
/wiki/Wikipedia:It_should_be_noted
/wiki/Wikipedia:SAID
/wiki/Wikipedia:Wikipedia_is_not_a_dictionary
/wiki/Wikipedia:PNSD
/wiki/Wikipedia:Voting
/wiki/Wikipedia:Centralized_discussion
/wiki/Wikipedia:TALKCENT
/wiki/Category:Wikipedia_behavioral_guidelines
/wiki/Category:Wikipedia_conduct_policies
/wiki/Wikipedia:What_is_an_article%3F
/wiki/Wikipedia:Administration#Data_structure_and_development
/wiki/Management
/wiki/Management_(disambiguation)
/wiki/Management_(film)
/wiki/File:Managementfilm09.jpg
/wiki/Template:Non-free_use_rationale#note-portion
/wiki/Template:Non-free_use_rationale#note-resolution
/wiki/Template:Non-free_use_rationale#note-purpose
/wiki/Template:Non-free_use_rationale#note-replace
/wiki/Template:Non-free_use_rationale#note-other
/wiki/Template:Non-free_use_rationale/doc
/wiki/Template:Non-free_use_rationale
/wiki/Template:Non-free_use_rationale/sandbox
/wiki/Wikipedia:Template_test_cases
/wiki/WikiMedia
/wiki/Wikipedia_community
/wiki/Wikipedia:Wikipedians
/wiki/Wikipedia:Username_policy
/wiki/Wikipedia:UP
/wiki/Special:MyPage
/wiki/Special:WhatLinksHere/User:193.226.185.22
/wiki/Wikipedia:Redirect
/wiki/Wikipedia:WikiProject_Redirect
/wiki/Category:Wikipedia_redirects
/wiki/Help:Redirect
/wiki/Template:Redirect
/wiki/Template:Redirect/doc
/wiki/Wikipedia:Template_documentation
/wiki/MediaWiki
/wiki/Help:MediaWiki_namespace
/wiki/Wikipedia:Namespace
/wiki/Wikipedia:WikiProject_Nova_Scotia
/wiki/Template:WikiProject_status
/wiki/Template:WikiProject_status/doc
/wiki/Wikipedia:Subpages
/wiki/Wikipedia:SP_(disambiguation)
/wiki/Wikipedia:SP
/wiki/Wikipedia:Substitution
/wiki/Help:Substitution
/wiki/Wikipedia:Transclusion
/wiki/Wikipedia:Transwiki_log
/wiki/Wikipedia:WikiProject_Transwiki
/wiki/Wikipedia:WikiProject_Intertranswiki
/wiki/File:Jimbo-fez.png
/wiki/Fez
/wiki/Fez_(video_game)
/wiki/Wikipedia:Featured_articles
/wiki/File:Cscr-featured.png
/wiki/User:Alexia_Death
/wiki/User_talk:Alexia_Death
/wiki/User_talk:Alexia_Death/Archive1
/wiki/User:Camptown
/wiki/User_talk:Camptown/Archive_1
/wiki/User_talk:Camptown
/wiki/User_talk:Camptown/Archive_2
/wiki/2007_Balad_aircraft_crash
/wiki/Balad,_Iraq
/wiki/File:%D9%85%D8%B1%D9%82%D8%AF_%D8%A7%D9%84%D8%B3%D9%8A%D8%AF_%D8%B3%D8%A8%D8%B9_%D8%A7%D9%84%D8%AF%D8%AC%D9%8A%D9%84.jpg
/wiki/User:%D8%AC%D8%A8%D8%A7%D8%B1_%D9%85%D8%AD%D8%B3%D9%86
/wiki/User_talk:%D8%AC%D8%A8%D8%A7%D8%B1_%D9%85%D8%AD%D8%B3%D9%86
/wiki/File:Information.svg
/wiki/File:Information.png
/wiki/File:Nuvola_apps_important.svg
/wiki/Wikipedia:FFD
/wiki/File:Gtk-go-down.svg
/wiki/GNOME
/wiki/Gnome_(disambiguation)
/wiki/Wikipedia:WikiGnome
/wiki/Wikipedia:WikiProject_Linux
/wiki/MOS:LINUX
/wiki/Wikipedia_talk:Manual_of_Style/Computing
/wiki/Wikipedia_talk:Manual_of_Style
/wiki/Wikipedia:Signatures
/wiki/Wikipedia:WikiProject_Current_Local_City_Time
/wiki/Wikipedia:WikiProject_Time
/wiki/Help:Time
/wiki/Wikipedia:Birthday_Committee/Calendar
/wiki/Wikipedia:Birthday_Committee
/wiki/File:Nuvola_apps_cookie.svg
/wiki/User:Rfc1394
/wiki/User_talk:Rfc1394
/wiki/User_talk:Rfc1394/1
/wiki/User_talk:Rfc1394/2014
/wiki/User_talk:Rfc1394/2013
/wiki/User_talk:Rfc1394/2012
/wiki/User_talk:Rfc1394/2011
/wiki/User_talk:Rfc1394/2010
/wiki/User_talk:Rfc1394/2009
/wiki/User_talk:Rfc1394/2008
/wiki/User_talk:Rfc1394/2007
/wiki/User_talk:Rfc1394/2006
/wiki/User_talk:Rfc1394/2005
/wiki/User_talk:Rfc1394/2004
/wiki/User_talk:Rfc1394/2003
/wiki/User_talk:Rfc1394/2
/wiki/User_talk:Rfc1394/3
/wiki/User_talk:Rfc1394/4
/wiki/User_talk:Rfc1394/5
/wiki/User_talk:Rfc1394/6
/wiki/User_talk:Rfc1394/7
/wiki/Special:Contributions/Rfc1394
/wiki/Special:ListFiles/Rfc1394
/wiki/File:Air_Supply-Lost_in_Love_24s.ogg
/wiki/Wikipedia:Non-free_content
/wiki/Wikipedia:WikiProject_Fair_use
/wiki/Wikipedia:WikiProject_Images_and_Media
/wiki/Wikipedia:INACTIVEWP
/wiki/Category:Wikipedia_project_content_guidelines
/wiki/Wikipedia:FAQ/Categorization#Why_might_a_category_list_not_be_up_to_date.3F
/wiki/Wikipedia:FAQ
/wiki/Wikipedia:Contributing_to_Wikipedia
/wiki/Wikipedia:Tips
/wiki/Help:Menu
/wiki/Wikipedia:Directories_and_indexes
/wiki/Wikipedia:DIRECTORY
/wiki/Wikipedia:Core_content_policies
/wiki/Wikipedia:Verifiability
/wiki/Wikipedia:Reliable_sources/Noticeboard
/wiki/Wikipedia:Reliable_sources
/wiki/Wikipedia:WikiProject_Taxation
/wiki/File:Calculator_icon.svg
/wiki/User_talk:DanielPenfield
/wiki/Help:Archiving_a_talk_page
/wiki/Wikipedia:Historical_archive
/wiki/Wikipedia:Historical_archive/Refreshing_brilliant_prose
/wiki/Wikipedia_talk:Historical_archive
/wiki/Special:Contributions/70.225.141.61
/wiki/User_talk:70.225.141.61
/wiki/Mario_Kart_Super_Circuit
/wiki/File:Super_Circuit.jpg
/wiki/Mario_Kart:_Super_Circuit
/wiki/Video_game_developer
/wiki/File:Video-Game-Controller-Icon-IDV-green-industry.svg
/wiki/Advertising_in_video_games
/wiki/Wikipedia:Citing_sources#Inline_citations
/wiki/Wikipedia:Inline_citation
/wiki/Wikipedia:Avoid_instruction_creep
/wiki/Wikipedia:Article_creep
/wiki/Wikipedia:CREEP
/wiki/Wikipedia:Avoid_template_creep
/wiki/Wikipedia:Essays
/wiki/Wikipedia:NOTESSAY
/wiki/Wikipedia:No_original_research
/wiki/Wikipedia:WikiProject_Norway
/wiki/Norway
/wiki/Norway_(disambiguation)
/wiki/Norway,_Toronto
/wiki/Help:Introduction_to_referencing_with_Wiki_Markup/1
/wiki/Help:Introduction_to_referencing_with_Wiki_Markup
/wiki/File:Markup-logo.svg
/wiki/User:Saranoon
/wiki/Wikipedia:Welcoming_committee/Welcome_to_Wikipedia
/wiki/Wikipedia:Welcoming_committee
/wiki/Wikipedia:WikiCup
/wiki/Wikipedia:Cambridge
/wiki/Wikipedia:Cambridge_University_Wikipedia_Society
/wiki/Cambridge_University
/wiki/File:University_of_Cambridge_coat_of_arms_official_version.svg
/wiki/University_of_Cambridge
/wiki/Coat_of_arms_of_the_University_of_Cambridge
/wiki/File:Stephenson_Way-_the_back_of_Bentley_House_(geograph_1973687).jpg
/wiki/Portal:Current_events
/wiki/Portal:Current_events/Edit_instructions
/wiki/Integers
/wiki/Integer_(computer_science)
/wiki/Data
/wiki/Data_(computing)
/wiki/File:Data_types_-_en.svg
/wiki/Special:Random
/wiki/Song
/wiki/Help:Maintenance_template_removal
/wiki/Wikipedia:Responsible_tagging
/wiki/Wikipedia:Tags
/wiki/Wikipedia:Template_messages
/wiki/MOS:TM
/wiki/Wikipedia:CamelCase_and_Wikipedia
/wiki/Wikipedia:Manual_of_Style/Trademarks
/wiki/Wikipedia_talk:Manual_of_Style/Trademarks
/wiki/Wikipedia:Arbitration_Committee/Discretionary_sanctions
/wiki/Wikipedia:Arbitration_Committee
/wiki/Wikipedia:Arbitration/Requests
/wiki/Wikipedia:Arbitration
/wiki/Wikipedia:Dispute_resolution
/wiki/Wikipedia:DR_(disambiguation)
/wiki/Wikipedia:DR
/wiki/Wikipedia:Abuse_Reports
/wiki/Wikipedia:Edit_filter
/wiki/Wikipedia:Article_Feedback_Tool
/wiki/Wikipedia:Policies_and_guidelines#historical
/wiki/Wikipedia:Content_policies
/wiki/Wikipedia:Policies_and_guidelines#Conflicts_between_advice_pages
/wiki/Wikipedia:Article_titles
/wiki/MOS:HEADINGS
/wiki/Category:Wikipedia_Manual_of_Style_(content)
/wiki/Category:Wikipedia_Manual_of_Style_(Wikipedia_content)
/wiki/Wikipedia:Manual_of_Style/Article_message_boxes
/wiki/Wikipedia:Village_pump_(proposals)
/wiki/Wikipedia:Village_pump_(policy)
/wiki/Wikipedia:Village_pump_(technical)
/wiki/Wikipedia:Village_pump_(idea_lab)
/wiki/Wikipedia:Village_pump_(miscellaneous)
/wiki/Wikipedia:Help_desk
/wiki/Wikipedia:Questions
/wiki/Wikipedia:Reference_desk
/wiki/Wikipedia:The_Wikipedia_Library
/wiki/Wikipedia:WikiProject_Libraries
/wiki/Wikipedia_talk:WikiProject_Libraries
/wiki/Wikipedia:WikiProject_Libraries/Introduction
/wiki/Wikipedia_talk:WikiProject_Libraries/Introduction
/wiki/Wikipedia:WikiProject_Libraries/Members
/wiki/Wikipedia_talk:WikiProject_Libraries/Members
/wiki/Wikipedia:WikiProject_Libraries/Resources
/wiki/Wikipedia_talk:WikiProject_Libraries/Resources
/wiki/Wikipedia:WikiProject_Libraries/Writing_guide
/wiki/Wikipedia_talk:WikiProject_Libraries/Writing_guide
/wiki/Wikipedia:WikiProject_Libraries/Assessment
/wiki/Wikipedia_talk:WikiProject_Libraries/Assessment
/wiki/Wikipedia:WikiProject_Libraries/Cleanup_listing
/wiki/User:B._Wolterding/Cleanup_listings
/wiki/User:B._Wolterding
/wiki/Category:User_en-4
/wiki/Template:User_en-4
/wiki/Category:User_en
/wiki/Template:User_en-S
/wiki/Template:User_x/doc
/wiki/Template:User_x
/wiki/Category:Language_user_templates
/wiki/Wikipedia:Template_namespace
/wiki/Help:A_quick_guide_to_templates
/wiki/Wikitext
/wiki/File:En-Wiki2.ogg
/wiki/User:Dmcdevit
/wiki/National_Archives_and_Records_Administration
/wiki/National_Alien_Registration_Authority
/wiki/File:State_emblem_of_Pakistan.svg
/wiki/Special:WhatLinksHere/File:State_emblem_of_Pakistan.svg
/wiki/Aga_Khan_III
/wiki/File:HH_the_AGA_KHAN_1936.jpg
/wiki/File:CC_some_rights_reserved.svg
/wiki/File:Commons-logo.svg
/wiki/Public_domain
/wiki/Intellectual_property
/wiki/Intellectual_Property_(film)
/wiki/File:IP_poster.jpg
/wiki/File:Fair_use_movie_poster.svg
/wiki/Template:Movieposter
/wiki/Poster
/wiki/Poster_(disambiguation)
/wiki/The_Poster
/wiki/File:James_Pryde,_cover_for_The_Poster,_February_1899.jpg
/wiki/Hewlett-Packard
/wiki/HP_Inc.
/wiki/HP_(disambiguation)
/wiki/Hewlett_Packard_Enterprise
/wiki/File:Hewlett_Packard_Enterprise_logo.svg
/wiki/HPE_Helion
/wiki/List_of_business_entities
/wiki/Company_(disambiguation)
/wiki/Company
/wiki/Wikipedia:WikiProject_Fact_and_Reference_Check
/wiki/Wikipedia_talk:WikiProject_Fact_and_Reference_Check
/wiki/Wikipedia:WikiProject_Fact_and_Reference_Check/Resources
/wiki/Wikipedia_talk:WikiProject_Fact_and_Reference_Check/Resources
/wiki/Wikipedia:WikiProject_Fact_and_Reference_Check/Guidelines
/wiki/Wikipedia_talk:WikiProject_Fact_and_Reference_Check/Guidelines
/wiki/Wikipedia:WikiProject_Fact_and_Reference_Check/Opentasks
/wiki/Wikipedia_talk:WikiProject_Fact_and_Reference_Check/Opentasks
/wiki/Wikipedia:WikiProject_Fact_and_Reference_Check/Participants
/wiki/Wikipedia_talk:WikiProject_Fact_and_Reference_Check/Participants
/wiki/Wikipedia:Civility
/wiki/Wikipedia:WikiProject_Cooperation
/wiki/Wikipedia:Co-op
/wiki/Wikipedia:TEAHOUSE
/wiki/File:Montezuma_Pine_at_Sheffield_Park.jpg
/wiki/Guanajuato
/wiki/Guanajuato_(disambiguation)
/wiki/Guanajuato,_Guanajuato
/wiki/File:Vista_a%C3%A9rea_de_Guanajuato.jpg
/wiki/Guanajuato_City
/wiki/File:Mexico_States_blank_map.svg
/wiki/Special:WhatLinksHere/File:Mexico_States_blank_map.svg
/wiki/Acapulco
/wiki/Acapulco_(disambiguation)
/wiki/Acapulco,_Peru
/wiki/Wikipedia:Verifiability#Burden_of_evidence
/wiki/Wikipedia:VD
/wiki/Wikipedia:Administrator_intervention_against_vandalism
/wiki/Template:Noticeboard_links
/wiki/Template_talk:Noticeboard_links
/wiki/Wikipedia:Please_do_not_bite_the_newcomers
/wiki/Wikipedia:WP_DNB
/wiki/Dictionary_of_National_Biography
/wiki/File:Dictionary_of_National_Biography_volume_01.djvu?page=11
/wiki/File:Dictionary_of_National_Biography_volume_01.djvu?page=10
/wiki/File:Dictionary_of_National_Biography_volume_01.djvu?page=9
/wiki/File:Dictionary_of_National_Biography_volume_01.djvu?page=8
/wiki/File:Dictionary_of_National_Biography_volume_01.djvu?page=7
/wiki/File:Dictionary_of_National_Biography_volume_01.djvu?page=6
/wiki/File:Dictionary_of_National_Biography_volume_01.djvu?page=5
/wiki/File:Dictionary_of_National_Biography_volume_01.djvu?page=4
/wiki/File:Dictionary_of_National_Biography_volume_01.djvu?page=3
/wiki/File:Dictionary_of_National_Biography_volume_01.djvu?page=2
/wiki/File:Dictionary_of_National_Biography_volume_01.djvu
/wiki/Special:GlobalUsage/Dictionary_of_National_Biography_volume_01.djvu
/wiki/Help:Contents
/wiki/Help:Directory
/wiki/Help:Cheatsheet
/wiki/Wikipedia:Tools
/wiki/Wikipedia:Customisation
/wiki/Wikipedia:Bots
/wiki/Wikipedia:Bureaucrats
/wiki/Wikipedia:NOTBUR
/wiki/Wikipedia:Image_use_policy
/wiki/Wikipedia:What_Wikipedia_is_not
/wiki/Template:Content_policy_list
/wiki/Template_talk:Content_policy_list
/wiki/User:WhatamIdoing
/wiki/Category:User_en-N
/wiki/Template:User_en-N
/wiki/Category:Wikipedians_by_language
/wiki/Category:Container_categories
/wiki/Wikipedia:SUBCAT
/wiki/Wikipedia:WikiProject_Categories
/wiki/Wikipedia:Categories_for_discussion
/wiki/Wikipedia:Categories_for_discussion/Administrator_instructions
/wiki/Wikipedia:Categories_for_discussion/Working
/wiki/Wikipedia:Categories_for_discussion/Awaiting_closure
/wiki/Wikipedia:Categories_for_discussion/Log/2017_November_9
/wiki/Wikipedia:Categories_for_discussion/Log
/wiki/Wikipedia:Categories_for_discussion/Archive_debates/2017_January_index
/wiki/Wikipedia:Categories_for_discussion/Archive_debates
/wiki/Wikipedia:Categories_for_discussion/Log/2017_January_1
/wiki/Wikipedia:Categories_for_discussion/Log/2016_December_31
/wiki/Wikipedia:Categories_for_discussion/Log/2016_December_30
/wiki/Wikipedia:Categories_for_discussion/Log/2016_December_29
/wiki/Wikipedia:Categories_for_discussion/Log/2016_December_28
/wiki/Wikipedia:Categories_for_discussion/Log/2016_December_27
/wiki/Wikipedia:Categories_for_discussion/Log/2016_December_26
/wiki/Wikipedia:Categories_for_discussion/Log/2016_December_25
/wiki/Wikipedia:Categories_for_discussion/Log/2016_December_24
/wiki/Wikipedia:Categories_for_discussion/Log/2016_December_23
/wiki/Wikipedia:Categories_for_discussion/Log/2016_December_22
/wiki/Wikipedia:Categories_for_discussion/Log/2016_December_21
/wiki/Wikipedia:Categories_for_discussion/Log/2016_December_20
/wiki/Wikipedia:Categories_for_discussion/Log/2016_December_19
/wiki/Wikipedia:Categories_for_discussion/Log/2016_December_18
/wiki/Wikipedia:Categories_for_discussion/Log/2016_December_17
/wiki/Wikipedia:Categories_for_discussion/Log/2016_December_16
/wiki/Wikipedia:Categories_for_discussion/Log/2016_December_15
/wiki/Wikipedia:Categories_for_discussion/Log/2016_December_14
/wiki/Wikipedia:Categories_for_discussion/Log/2016_December_13
/wiki/Wikipedia:Categories_for_discussion/Log/2016_December_12
/wiki/Wikipedia:Categories_for_discussion/Log/2016_December_11
/wiki/Wikipedia:Categories_for_discussion/Log/2016_December_10
/wiki/Wikipedia:Categories_for_discussion/Log/2016_December_9
/wiki/Wikipedia:Categories_for_discussion/Log/2016_December_8
/wiki/Wikipedia:Categories_for_discussion/Log/2016_December_7
/wiki/Wikipedia:Categories_for_discussion/Log/2016_December_6
/wiki/Wikipedia:Categories_for_discussion/Log/2016_December_5
/wiki/Wikipedia:Categories_for_discussion/Log/2016_December_4
/wiki/Wikipedia:Categories_for_discussion/Log/2016_December_3
/wiki/Wikipedia:Categories_for_discussion/Log/2016_December_2
/wiki/Wikipedia:Categories_for_discussion/Log/2016_December_1
/wiki/Wikipedia:Categories_for_discussion/Log/2016_November_30
/wiki/Wikipedia:Categories_for_discussion/Log/2016_November_29
/wiki/Wikipedia:Categories_for_discussion/Log/2016_November_28
/wiki/Wikipedia:Categories_for_discussion/Log/2016_November_27
/wiki/Wikipedia:Categories_for_discussion/Log/2016_November_26
/wiki/Wikipedia:Categories_for_discussion/Log/2016_November_25
/wiki/Wikipedia:Categories_for_discussion/Log/2016_November_24
/wiki/Wikipedia:Categories_for_discussion/Log/2016_November_23
/wiki/Wikipedia:Categories_for_discussion/Log/2016_November_22
/wiki/Wikipedia:Categories_for_discussion/Log/2016_November_21
/wiki/Wikipedia:Categories_for_discussion/Log/2016_November_20
/wiki/Wikipedia:Categories_for_discussion/Log/2016_November_19
/wiki/Wikipedia:Categories_for_discussion/Log/2016_November_18
/wiki/Wikipedia:Categories_for_discussion/Log/2016_November_17
/wiki/Wikipedia:Categories_for_discussion/Log/2016_November_16
/wiki/Wikipedia:Categories_for_discussion/Log/2016_November_15
/wiki/Wikipedia:Categories_for_discussion/Log/2016_November_14
/wiki/Wikipedia:Categories_for_discussion/Log/2016_November_13
/wiki/Wikipedia:Categories_for_discussion/Log/2016_November_12
/wiki/Wikipedia:Categories_for_discussion/Log/2016_November_11
/wiki/Wikipedia:Categories_for_discussion/Log/2016_November_10
/wiki/Wikipedia:Categories_for_discussion/Log/2016_November_9
/wiki/Wikipedia:Categories_for_discussion/Log/2016_November_8
/wiki/Wikipedia:Categories_for_discussion/Log/2016_November_7
/wiki/Wikipedia:Categories_for_discussion/Log/2016_November_6
/wiki/Wikipedia:Categories_for_discussion/Log/2016_November_5
/wiki/Wikipedia:Categories_for_discussion/Log/2016_November_4
/wiki/Wikipedia:Categories_for_discussion/Log/2016_November_3
/wiki/Wikipedia:Categories_for_discussion/Log/2016_November_2
/wiki/Wikipedia:Categories_for_discussion/Log/2016_November_1
/wiki/Wikipedia:Categories_for_discussion/Log/2016_October_31
/wiki/Wikipedia:Categories_for_discussion/Log/2016_October_30
/wiki/Wikipedia:Categories_for_discussion/Log/2016_October_29
/wiki/Wikipedia:Categories_for_discussion/Log/2016_October_28
/wiki/Wikipedia:Categories_for_discussion/Log/2016_October_27
/wiki/Wikipedia:Categories_for_discussion/Log/2016_October_26
/wiki/Wikipedia:Categories_for_discussion/Log/2016_October_25
/wiki/Wikipedia:Categories_for_discussion/Log/2016_October_24
/wiki/Wikipedia:Categories_for_discussion/Log/2016_October_23
/wiki/Wikipedia:Categories_for_discussion/Log/2016_October_22
/wiki/Wikipedia:Categories_for_discussion/Log/2016_October_21
/wiki/Wikipedia:Categories_for_discussion/Log/2016_October_20
/wiki/Wikipedia:Categories_for_discussion/Log/2016_October_19
/wiki/Wikipedia:Categories_for_discussion/Log/2016_October_18
/wiki/Wikipedia:Categories_for_discussion/Log/2016_October_17
/wiki/Wikipedia:Categories_for_discussion/Log/2016_October_16
/wiki/Wikipedia:Categories_for_discussion/Log/2016_October_15
/wiki/Wikipedia:Categories_for_discussion/Log/2016_October_14
/wiki/Wikipedia:Categories_for_discussion/Log/2016_October_13
/wiki/Wikipedia:Categories_for_discussion/Log/2016_October_12
/wiki/Wikipedia:Categories_for_discussion/Log/2016_October_11
/wiki/Wikipedia:Categories_for_discussion/Log/2016_October_10
/wiki/Wikipedia:Categories_for_discussion/Log/2016_October_9
/wiki/Wikipedia:Categories_for_discussion/Log/2016_October_8
/wiki/Wikipedia:Categories_for_discussion/Log/2016_October_7
/wiki/Wikipedia:Categories_for_discussion/Log/2016_October_6
/wiki/Wikipedia:Categories_for_discussion/Log/2016_October_5
/wiki/Wikipedia:Categories_for_discussion/Log/2016_October_4
/wiki/Wikipedia:Categories_for_discussion/Log/2016_October_3
/wiki/Wikipedia:Categories_for_discussion/Log/2016_October_2
/wiki/Wikipedia:Categories_for_discussion/Log/2016_October_1
/wiki/Wikipedia:Categories_for_discussion/Log/2016_September_30
/wiki/Wikipedia:Categories_for_discussion/Log/2016_September_29
/wiki/Wikipedia:Categories_for_discussion/Log/2016_September_28
/wiki/Wikipedia:Categories_for_discussion/Log/2016_September_27
/wiki/Wikipedia:Categories_for_discussion/Log/2016_September_26
/wiki/Wikipedia:Categories_for_discussion/Log/2016_September_25
/wiki/Wikipedia:Categories_for_discussion/Log/2016_September_24
/wiki/Wikipedia:Categories_for_discussion/Log/2016_September_23
/wiki/Wikipedia:Categories_for_discussion/Log/2016_September_22
/wiki/Wikipedia:Categories_for_discussion/Log/2016_September_21
/wiki/Wikipedia:Categories_for_discussion/Log/2016_September_20
/wiki/Wikipedia:Categories_for_discussion/Log/2016_September_19
/wiki/Wikipedia:Categories_for_discussion/Log/2016_September_18
/wiki/Wikipedia:Categories_for_discussion/Log/2016_September_17
/wiki/Wikipedia:Categories_for_discussion/Log/2016_September_16
/wiki/Wikipedia:Categories_for_discussion/Log/2016_September_15
/wiki/Wikipedia:Categories_for_discussion/Log/2016_September_14
/wiki/Wikipedia:Categories_for_discussion/Log/2016_September_13
/wiki/Wikipedia:Categories_for_discussion/Log/2016_September_12
/wiki/Wikipedia:Categories_for_discussion/Log/2016_September_11
/wiki/Wikipedia:Categories_for_discussion/Log/2016_September_10
/wiki/Wikipedia:Categories_for_discussion/Log/2016_September_9
/wiki/Wikipedia:Categories_for_discussion/Log/2016_September_8
/wiki/Wikipedia:Categories_for_discussion/Log/2016_September_7
/wiki/Wikipedia:Categories_for_discussion/Log/2016_September_6
/wiki/Wikipedia:Categories_for_discussion/Log/2016_September_5
/wiki/Wikipedia:Categories_for_discussion/Log/2016_September_4
/wiki/Wikipedia:Categories_for_discussion/Log/2016_September_3
/wiki/Wikipedia:Categories_for_discussion/Log/2016_September_2
/wiki/Wikipedia:Categories_for_discussion/Log/2016_September_1
/wiki/Wikipedia:Categories_for_discussion/Log/2016_August_31
/wiki/Wikipedia:Categories_for_discussion/Log/2016_August_30
/wiki/Wikipedia:Categories_for_discussion/Log/2016_August_29
/wiki/Wikipedia:Categories_for_discussion/Log/2016_August_28
/wiki/Wikipedia:Categories_for_discussion/Log/2016_August_27
/wiki/Wikipedia:Categories_for_discussion/Log/2016_August_26
/wiki/Wikipedia:Categories_for_discussion/Log/2016_August_25
/wiki/Wikipedia:Categories_for_discussion/Log/2016_August_24
/wiki/Wikipedia:Categories_for_discussion/Log/2016_August_23
/wiki/Wikipedia:Categories_for_discussion/Log/2016_August_22
/wiki/Wikipedia:Categories_for_discussion/Log/2016_August_21
/wiki/Wikipedia:Categories_for_discussion/Log/2016_August_20
/wiki/Wikipedia:Categories_for_discussion/Log/2016_August_19
/wiki/Wikipedia:Categories_for_discussion/Log/2016_August_18
/wiki/Wikipedia:Categories_for_discussion/Log/2016_August_17
/wiki/Wikipedia:Categories_for_discussion/Log/2016_August_16
/wiki/Wikipedia:Categories_for_discussion/Log/2016_August_15
/wiki/Wikipedia:Categories_for_discussion/Log/2016_August_14
/wiki/Wikipedia:Categories_for_discussion/Log/2016_August_13
/wiki/Wikipedia:Categories_for_discussion/Log/2016_August_12
/wiki/Wikipedia:Categories_for_discussion/Log/2016_August_11
/wiki/Wikipedia:Categories_for_discussion/Log/2016_August_10
/wiki/Wikipedia:Categories_for_discussion/Log/2016_August_9
/wiki/Wikipedia:Categories_for_discussion/Log/2016_August_8
/wiki/Wikipedia:Categories_for_discussion/Log/2016_August_7
/wiki/Wikipedia:Categories_for_discussion/Log/2016_August_6
/wiki/Wikipedia:Categories_for_discussion/Log/2016_August_5
/wiki/Wikipedia:Categories_for_discussion/Log/2016_August_4
/wiki/Wikipedia:Categories_for_discussion/Log/2016_August_3
/wiki/Wikipedia:Categories_for_discussion/Log/2016_August_2
/wiki/Wikipedia:Categories_for_discussion/Log/2016_August_1
/wiki/Wikipedia:Categories_for_discussion/Log/2016_July_31
/wiki/Wikipedia:Categories_for_discussion/Log/2016_July_30
/wiki/Wikipedia:Categories_for_discussion/Log/2016_July_29
/wiki/Wikipedia:Categories_for_discussion/Log/2016_July_28
/wiki/Wikipedia:Categories_for_discussion/Log/2016_July_27
/wiki/Wikipedia:Categories_for_discussion/Log/2016_July_26
/wiki/Wikipedia:Categories_for_discussion/Log/2016_July_25
/wiki/Wikipedia:Categories_for_discussion/Log/2016_July_24
/wiki/Wikipedia:Categories_for_discussion/Log/2016_July_23
/wiki/Wikipedia:Categories_for_discussion/Log/2016_July_22
/wiki/Wikipedia:Categories_for_discussion/Log/2016_July_21
/wiki/Wikipedia:Deletion_review
/wiki/Wikipedia:Deletion_discussions
/wiki/Wikipedia:Deletion_policy
/wiki/Wikipedia:Deletion_process
/wiki/Wikipedia:Guide_to_deletion
/wiki/Wikipedia:General_disclaimer
/wiki/Wikipedia:Content_disclaimer
/wiki/Wikipedia:Legal_disclaimer
